<?xml version="1.0" encoding="UTF-8"?>
<testsuite name="com.bogdan.employee.service.EmployeeChainTest" tests="2" skipped="0" failures="0" errors="0" timestamp="2021-02-01T00:47:38" hostname="DESKTOP-F7V1MLB" time="0.048">
  <properties/>
  <testcase name="should get an employee" classname="com.bogdan.employee.service.EmployeeChainTest" time="0.046"/>
  <testcase name="should add an employee" classname="com.bogdan.employee.service.EmployeeChainTest" time="0.002"/>
  <system-out><![CDATA[]]></system-out>
  <system-err><![CDATA[]]></system-err>
</testsuite>
